<?xml version="1.0" encoding="UTF-8"?>
<testsuite xmlns:xsi="http://www.w3.org/2001/XMLSchema-instance" xsi:noNamespaceSchemaLocation="https://maven.apache.org/surefire/maven-surefire-plugin/xsd/surefire-test-report-3.0.xsd" version="3.0" name="TestSuite" time="46.909" tests="1" errors="0" skipped="0" failures="1">
  <properties>
    <property name="java.specification.version" value="17"/>
    <property name="sun.cpu.isalist" value="amd64"/>
    <property name="sun.jnu.encoding" value="Cp1252"/>
    <property name="java.class.path" value="D:\Workstation\Automation\Code_Repo\Branches\nseindiaWebAutomation\target\test-classes;D:\Workstation\Automation\Code_Repo\Branches\nseindiaWebAutomation\target\classes;C:\Users\Kashish\.m2\repository\org\seleniumhq\selenium\selenium-java\4.18.1\selenium-java-4.18.1.jar;C:\Users\Kashish\.m2\repository\org\seleniumhq\selenium\selenium-api\4.18.1\selenium-api-4.18.1.jar;C:\Users\Kashish\.m2\repository\org\seleniumhq\selenium\selenium-chrome-driver\4.18.1\selenium-chrome-driver-4.18.1.jar;C:\Users\Kashish\.m2\repository\com\google\auto\service\auto-service-annotations\1.1.1\auto-service-annotations-1.1.1.jar;C:\Users\Kashish\.m2\repository\org\seleniumhq\selenium\selenium-chromium-driver\4.18.1\selenium-chromium-driver-4.18.1.jar;C:\Users\Kashish\.m2\repository\org\seleniumhq\selenium\selenium-json\4.18.1\selenium-json-4.18.1.jar;C:\Users\Kashish\.m2\repository\org\seleniumhq\selenium\selenium-manager\4.18.1\selenium-manager-4.18.1.jar;C:\Users\Kashish\.m2\repository\org\seleniumhq\selenium\selenium-devtools-v120\4.18.1\selenium-devtools-v120-4.18.1.jar;C:\Users\Kashish\.m2\repository\org\seleniumhq\selenium\selenium-devtools-v121\4.18.1\selenium-devtools-v121-4.18.1.jar;C:\Users\Kashish\.m2\repository\org\seleniumhq\selenium\selenium-devtools-v122\4.18.1\selenium-devtools-v122-4.18.1.jar;C:\Users\Kashish\.m2\repository\org\seleniumhq\selenium\selenium-devtools-v85\4.18.1\selenium-devtools-v85-4.18.1.jar;C:\Users\Kashish\.m2\repository\org\seleniumhq\selenium\selenium-edge-driver\4.18.1\selenium-edge-driver-4.18.1.jar;C:\Users\Kashish\.m2\repository\org\seleniumhq\selenium\selenium-firefox-driver\4.18.1\selenium-firefox-driver-4.18.1.jar;C:\Users\Kashish\.m2\repository\org\seleniumhq\selenium\selenium-http\4.18.1\selenium-http-4.18.1.jar;C:\Users\Kashish\.m2\repository\dev\failsafe\failsafe\3.3.2\failsafe-3.3.2.jar;C:\Users\Kashish\.m2\repository\org\seleniumhq\selenium\selenium-ie-driver\4.18.1\selenium-ie-driver-4.18.1.jar;C:\Users\Kashish\.m2\repository\org\seleniumhq\selenium\selenium-remote-driver\4.18.1\selenium-remote-driver-4.18.1.jar;C:\Users\Kashish\.m2\repository\com\google\guava\guava\33.0.0-jre\guava-33.0.0-jre.jar;C:\Users\Kashish\.m2\repository\com\google\guava\failureaccess\1.0.2\failureaccess-1.0.2.jar;C:\Users\Kashish\.m2\repository\com\google\guava\listenablefuture\9999.0-empty-to-avoid-conflict-with-guava\listenablefuture-9999.0-empty-to-avoid-conflict-with-guava.jar;C:\Users\Kashish\.m2\repository\com\google\code\findbugs\jsr305\3.0.2\jsr305-3.0.2.jar;C:\Users\Kashish\.m2\repository\org\checkerframework\checker-qual\3.41.0\checker-qual-3.41.0.jar;C:\Users\Kashish\.m2\repository\com\google\errorprone\error_prone_annotations\2.23.0\error_prone_annotations-2.23.0.jar;C:\Users\Kashish\.m2\repository\com\google\j2objc\j2objc-annotations\2.8\j2objc-annotations-2.8.jar;C:\Users\Kashish\.m2\repository\io\opentelemetry\semconv\opentelemetry-semconv\1.23.1-alpha\opentelemetry-semconv-1.23.1-alpha.jar;C:\Users\Kashish\.m2\repository\io\opentelemetry\opentelemetry-api\1.35.0\opentelemetry-api-1.35.0.jar;C:\Users\Kashish\.m2\repository\io\opentelemetry\opentelemetry-context\1.35.0\opentelemetry-context-1.35.0.jar;C:\Users\Kashish\.m2\repository\io\opentelemetry\opentelemetry-exporter-logging\1.35.0\opentelemetry-exporter-logging-1.35.0.jar;C:\Users\Kashish\.m2\repository\io\opentelemetry\opentelemetry-sdk-common\1.35.0\opentelemetry-sdk-common-1.35.0.jar;C:\Users\Kashish\.m2\repository\io\opentelemetry\opentelemetry-sdk-extension-autoconfigure-spi\1.35.0\opentelemetry-sdk-extension-autoconfigure-spi-1.35.0.jar;C:\Users\Kashish\.m2\repository\io\opentelemetry\opentelemetry-sdk-extension-autoconfigure\1.35.0\opentelemetry-sdk-extension-autoconfigure-1.35.0.jar;C:\Users\Kashish\.m2\repository\io\opentelemetry\opentelemetry-api-events\1.35.0-alpha\opentelemetry-api-events-1.35.0-alpha.jar;C:\Users\Kashish\.m2\repository\io\opentelemetry\opentelemetry-sdk-trace\1.35.0\opentelemetry-sdk-trace-1.35.0.jar;C:\Users\Kashish\.m2\repository\io\opentelemetry\opentelemetry-extension-incubator\1.35.0-alpha\opentelemetry-extension-incubator-1.35.0-alpha.jar;C:\Users\Kashish\.m2\repository\io\opentelemetry\opentelemetry-sdk\1.35.0\opentelemetry-sdk-1.35.0.jar;C:\Users\Kashish\.m2\repository\io\opentelemetry\opentelemetry-sdk-metrics\1.35.0\opentelemetry-sdk-metrics-1.35.0.jar;C:\Users\Kashish\.m2\repository\io\opentelemetry\opentelemetry-sdk-logs\1.35.0\opentelemetry-sdk-logs-1.35.0.jar;C:\Users\Kashish\.m2\repository\net\bytebuddy\byte-buddy\1.14.12\byte-buddy-1.14.12.jar;C:\Users\Kashish\.m2\repository\org\seleniumhq\selenium\selenium-os\4.18.1\selenium-os-4.18.1.jar;C:\Users\Kashish\.m2\repository\org\apache\commons\commons-exec\1.3\commons-exec-1.3.jar;C:\Users\Kashish\.m2\repository\org\seleniumhq\selenium\selenium-safari-driver\4.18.1\selenium-safari-driver-4.18.1.jar;C:\Users\Kashish\.m2\repository\org\seleniumhq\selenium\selenium-support\4.18.1\selenium-support-4.18.1.jar;C:\Users\Kashish\.m2\repository\org\testng\testng\7.4.0\testng-7.4.0.jar;C:\Users\Kashish\.m2\repository\com\beust\jcommander\1.78\jcommander-1.78.jar;C:\Users\Kashish\.m2\repository\org\webjars\jquery\3.5.1\jquery-3.5.1.jar;C:\Users\Kashish\.m2\repository\commons-io\commons-io\2.11.0\commons-io-2.11.0.jar;C:\Users\Kashish\.m2\repository\com\jayway\jsonpath\json-path\2.7.0\json-path-2.7.0.jar;C:\Users\Kashish\.m2\repository\net\minidev\json-smart\2.4.7\json-smart-2.4.7.jar;C:\Users\Kashish\.m2\repository\net\minidev\accessors-smart\2.4.7\accessors-smart-2.4.7.jar;C:\Users\Kashish\.m2\repository\org\ow2\asm\asm\9.1\asm-9.1.jar;C:\Users\Kashish\.m2\repository\org\slf4j\slf4j-api\1.7.33\slf4j-api-1.7.33.jar;C:\Users\Kashish\.m2\repository\org\slf4j\slf4j-simple\1.7.21\slf4j-simple-1.7.21.jar;C:\Users\Kashish\.m2\repository\com\aventstack\extentreports\4.0.9\extentreports-4.0.9.jar;C:\Users\Kashish\.m2\repository\org\freemarker\freemarker\2.3.23\freemarker-2.3.23.jar;C:\Users\Kashish\.m2\repository\org\mongodb\mongodb-driver\3.3.0\mongodb-driver-3.3.0.jar;C:\Users\Kashish\.m2\repository\org\mongodb\mongodb-driver-core\3.3.0\mongodb-driver-core-3.3.0.jar;C:\Users\Kashish\.m2\repository\org\mongodb\bson\3.3.0\bson-3.3.0.jar;C:\Users\Kashish\.m2\repository\org\apache\httpcomponents\httpclient\4.5.2\httpclient-4.5.2.jar;C:\Users\Kashish\.m2\repository\org\apache\httpcomponents\httpcore\4.4.4\httpcore-4.4.4.jar;C:\Users\Kashish\.m2\repository\commons-logging\commons-logging\1.2\commons-logging-1.2.jar;C:\Users\Kashish\.m2\repository\commons-codec\commons-codec\1.9\commons-codec-1.9.jar;C:\Users\Kashish\.m2\repository\org\apache\httpcomponents\httpmime\4.5.2\httpmime-4.5.2.jar;C:\Users\Kashish\.m2\repository\com\google\code\gson\gson\2.8.5\gson-2.8.5.jar;C:\Users\Kashish\.m2\repository\org\apache\logging\log4j\log4j-api\2.17.2\log4j-api-2.17.2.jar;C:\Users\Kashish\.m2\repository\org\apache\logging\log4j\log4j-core\2.17.2\log4j-core-2.17.2.jar;"/>
    <property name="java.vm.vendor" value="Eclipse Adoptium"/>
    <property name="sun.arch.data.model" value="64"/>
    <property name="user.variant" value=""/>
    <property name="java.vendor.url" value="https://adoptium.net/"/>
    <property name="user.timezone" value="Asia/Calcutta"/>
    <property name="os.name" value="Windows 10"/>
    <property name="java.vm.specification.version" value="17"/>
    <property name="sun.java.launcher" value="SUN_STANDARD"/>
    <property name="user.country" value="IN"/>
    <property name="sun.boot.library.path" value="D:\Workstation\Application Drivers\eclipse-jee-2023-06-R-win32-x86_64\eclipse\plugins\org.eclipse.justj.openjdk.hotspot.jre.full.win32.x86_64_17.0.7.v20230425-1502\jre\bin"/>
    <property name="sun.java.command" value="C:\Users\Kashish\AppData\Local\Temp\surefire16663298614349827489\surefirebooter14368826325511032107.jar C:\Users\Kashish\AppData\Local\Temp\surefire16663298614349827489 2024-05-23T16-19-05_545-jvmRun1 surefire16131790916795232766tmp surefire_014719384745294441105tmp"/>
    <property name="jdk.debug" value="release"/>
    <property name="surefire.test.class.path" value="D:\Workstation\Automation\Code_Repo\Branches\nseindiaWebAutomation\target\test-classes;D:\Workstation\Automation\Code_Repo\Branches\nseindiaWebAutomation\target\classes;C:\Users\Kashish\.m2\repository\org\seleniumhq\selenium\selenium-java\4.18.1\selenium-java-4.18.1.jar;C:\Users\Kashish\.m2\repository\org\seleniumhq\selenium\selenium-api\4.18.1\selenium-api-4.18.1.jar;C:\Users\Kashish\.m2\repository\org\seleniumhq\selenium\selenium-chrome-driver\4.18.1\selenium-chrome-driver-4.18.1.jar;C:\Users\Kashish\.m2\repository\com\google\auto\service\auto-service-annotations\1.1.1\auto-service-annotations-1.1.1.jar;C:\Users\Kashish\.m2\repository\org\seleniumhq\selenium\selenium-chromium-driver\4.18.1\selenium-chromium-driver-4.18.1.jar;C:\Users\Kashish\.m2\repository\org\seleniumhq\selenium\selenium-json\4.18.1\selenium-json-4.18.1.jar;C:\Users\Kashish\.m2\repository\org\seleniumhq\selenium\selenium-manager\4.18.1\selenium-manager-4.18.1.jar;C:\Users\Kashish\.m2\repository\org\seleniumhq\selenium\selenium-devtools-v120\4.18.1\selenium-devtools-v120-4.18.1.jar;C:\Users\Kashish\.m2\repository\org\seleniumhq\selenium\selenium-devtools-v121\4.18.1\selenium-devtools-v121-4.18.1.jar;C:\Users\Kashish\.m2\repository\org\seleniumhq\selenium\selenium-devtools-v122\4.18.1\selenium-devtools-v122-4.18.1.jar;C:\Users\Kashish\.m2\repository\org\seleniumhq\selenium\selenium-devtools-v85\4.18.1\selenium-devtools-v85-4.18.1.jar;C:\Users\Kashish\.m2\repository\org\seleniumhq\selenium\selenium-edge-driver\4.18.1\selenium-edge-driver-4.18.1.jar;C:\Users\Kashish\.m2\repository\org\seleniumhq\selenium\selenium-firefox-driver\4.18.1\selenium-firefox-driver-4.18.1.jar;C:\Users\Kashish\.m2\repository\org\seleniumhq\selenium\selenium-http\4.18.1\selenium-http-4.18.1.jar;C:\Users\Kashish\.m2\repository\dev\failsafe\failsafe\3.3.2\failsafe-3.3.2.jar;C:\Users\Kashish\.m2\repository\org\seleniumhq\selenium\selenium-ie-driver\4.18.1\selenium-ie-driver-4.18.1.jar;C:\Users\Kashish\.m2\repository\org\seleniumhq\selenium\selenium-remote-driver\4.18.1\selenium-remote-driver-4.18.1.jar;C:\Users\Kashish\.m2\repository\com\google\guava\guava\33.0.0-jre\guava-33.0.0-jre.jar;C:\Users\Kashish\.m2\repository\com\google\guava\failureaccess\1.0.2\failureaccess-1.0.2.jar;C:\Users\Kashish\.m2\repository\com\google\guava\listenablefuture\9999.0-empty-to-avoid-conflict-with-guava\listenablefuture-9999.0-empty-to-avoid-conflict-with-guava.jar;C:\Users\Kashish\.m2\repository\com\google\code\findbugs\jsr305\3.0.2\jsr305-3.0.2.jar;C:\Users\Kashish\.m2\repository\org\checkerframework\checker-qual\3.41.0\checker-qual-3.41.0.jar;C:\Users\Kashish\.m2\repository\com\google\errorprone\error_prone_annotations\2.23.0\error_prone_annotations-2.23.0.jar;C:\Users\Kashish\.m2\repository\com\google\j2objc\j2objc-annotations\2.8\j2objc-annotations-2.8.jar;C:\Users\Kashish\.m2\repository\io\opentelemetry\semconv\opentelemetry-semconv\1.23.1-alpha\opentelemetry-semconv-1.23.1-alpha.jar;C:\Users\Kashish\.m2\repository\io\opentelemetry\opentelemetry-api\1.35.0\opentelemetry-api-1.35.0.jar;C:\Users\Kashish\.m2\repository\io\opentelemetry\opentelemetry-context\1.35.0\opentelemetry-context-1.35.0.jar;C:\Users\Kashish\.m2\repository\io\opentelemetry\opentelemetry-exporter-logging\1.35.0\opentelemetry-exporter-logging-1.35.0.jar;C:\Users\Kashish\.m2\repository\io\opentelemetry\opentelemetry-sdk-common\1.35.0\opentelemetry-sdk-common-1.35.0.jar;C:\Users\Kashish\.m2\repository\io\opentelemetry\opentelemetry-sdk-extension-autoconfigure-spi\1.35.0\opentelemetry-sdk-extension-autoconfigure-spi-1.35.0.jar;C:\Users\Kashish\.m2\repository\io\opentelemetry\opentelemetry-sdk-extension-autoconfigure\1.35.0\opentelemetry-sdk-extension-autoconfigure-1.35.0.jar;C:\Users\Kashish\.m2\repository\io\opentelemetry\opentelemetry-api-events\1.35.0-alpha\opentelemetry-api-events-1.35.0-alpha.jar;C:\Users\Kashish\.m2\repository\io\opentelemetry\opentelemetry-sdk-trace\1.35.0\opentelemetry-sdk-trace-1.35.0.jar;C:\Users\Kashish\.m2\repository\io\opentelemetry\opentelemetry-extension-incubator\1.35.0-alpha\opentelemetry-extension-incubator-1.35.0-alpha.jar;C:\Users\Kashish\.m2\repository\io\opentelemetry\opentelemetry-sdk\1.35.0\opentelemetry-sdk-1.35.0.jar;C:\Users\Kashish\.m2\repository\io\opentelemetry\opentelemetry-sdk-metrics\1.35.0\opentelemetry-sdk-metrics-1.35.0.jar;C:\Users\Kashish\.m2\repository\io\opentelemetry\opentelemetry-sdk-logs\1.35.0\opentelemetry-sdk-logs-1.35.0.jar;C:\Users\Kashish\.m2\repository\net\bytebuddy\byte-buddy\1.14.12\byte-buddy-1.14.12.jar;C:\Users\Kashish\.m2\repository\org\seleniumhq\selenium\selenium-os\4.18.1\selenium-os-4.18.1.jar;C:\Users\Kashish\.m2\repository\org\apache\commons\commons-exec\1.3\commons-exec-1.3.jar;C:\Users\Kashish\.m2\repository\org\seleniumhq\selenium\selenium-safari-driver\4.18.1\selenium-safari-driver-4.18.1.jar;C:\Users\Kashish\.m2\repository\org\seleniumhq\selenium\selenium-support\4.18.1\selenium-support-4.18.1.jar;C:\Users\Kashish\.m2\repository\org\testng\testng\7.4.0\testng-7.4.0.jar;C:\Users\Kashish\.m2\repository\com\beust\jcommander\1.78\jcommander-1.78.jar;C:\Users\Kashish\.m2\repository\org\webjars\jquery\3.5.1\jquery-3.5.1.jar;C:\Users\Kashish\.m2\repository\commons-io\commons-io\2.11.0\commons-io-2.11.0.jar;C:\Users\Kashish\.m2\repository\com\jayway\jsonpath\json-path\2.7.0\json-path-2.7.0.jar;C:\Users\Kashish\.m2\repository\net\minidev\json-smart\2.4.7\json-smart-2.4.7.jar;C:\Users\Kashish\.m2\repository\net\minidev\accessors-smart\2.4.7\accessors-smart-2.4.7.jar;C:\Users\Kashish\.m2\repository\org\ow2\asm\asm\9.1\asm-9.1.jar;C:\Users\Kashish\.m2\repository\org\slf4j\slf4j-api\1.7.33\slf4j-api-1.7.33.jar;C:\Users\Kashish\.m2\repository\org\slf4j\slf4j-simple\1.7.21\slf4j-simple-1.7.21.jar;C:\Users\Kashish\.m2\repository\com\aventstack\extentreports\4.0.9\extentreports-4.0.9.jar;C:\Users\Kashish\.m2\repository\org\freemarker\freemarker\2.3.23\freemarker-2.3.23.jar;C:\Users\Kashish\.m2\repository\org\mongodb\mongodb-driver\3.3.0\mongodb-driver-3.3.0.jar;C:\Users\Kashish\.m2\repository\org\mongodb\mongodb-driver-core\3.3.0\mongodb-driver-core-3.3.0.jar;C:\Users\Kashish\.m2\repository\org\mongodb\bson\3.3.0\bson-3.3.0.jar;C:\Users\Kashish\.m2\repository\org\apache\httpcomponents\httpclient\4.5.2\httpclient-4.5.2.jar;C:\Users\Kashish\.m2\repository\org\apache\httpcomponents\httpcore\4.4.4\httpcore-4.4.4.jar;C:\Users\Kashish\.m2\repository\commons-logging\commons-logging\1.2\commons-logging-1.2.jar;C:\Users\Kashish\.m2\repository\commons-codec\commons-codec\1.9\commons-codec-1.9.jar;C:\Users\Kashish\.m2\repository\org\apache\httpcomponents\httpmime\4.5.2\httpmime-4.5.2.jar;C:\Users\Kashish\.m2\repository\com\google\code\gson\gson\2.8.5\gson-2.8.5.jar;C:\Users\Kashish\.m2\repository\org\apache\logging\log4j\log4j-api\2.17.2\log4j-api-2.17.2.jar;C:\Users\Kashish\.m2\repository\org\apache\logging\log4j\log4j-core\2.17.2\log4j-core-2.17.2.jar;"/>
    <property name="sun.cpu.endian" value="little"/>
    <property name="user.home" value="C:\Users\Kashish"/>
    <property name="user.language" value="en"/>
    <property name="java.specification.vendor" value="Oracle Corporation"/>
    <property name="java.version.date" value="2023-04-18"/>
    <property name="java.home" value="D:\Workstation\Application Drivers\eclipse-jee-2023-06-R-win32-x86_64\eclipse\plugins\org.eclipse.justj.openjdk.hotspot.jre.full.win32.x86_64_17.0.7.v20230425-1502\jre"/>
    <property name="file.separator" value="\"/>
    <property name="style.color" value="always"/>
    <property name="basedir" value="D:\Workstation\Automation\Code_Repo\Branches\nseindiaWebAutomation"/>
    <property name="java.vm.compressedOopsMode" value="Zero based"/>
    <property name="line.separator" value="&#10;"/>
    <property name="java.vm.specification.vendor" value="Oracle Corporation"/>
    <property name="java.specification.name" value="Java Platform API Specification"/>
    <property name="surefire.real.class.path" value="C:\Users\Kashish\AppData\Local\Temp\surefire16663298614349827489\surefirebooter14368826325511032107.jar"/>
    <property name="user.script" value=""/>
    <property name="sun.management.compiler" value="HotSpot 64-Bit Tiered Compilers"/>
    <property name="java.runtime.version" value="17.0.7+7"/>
    <property name="user.name" value="Kashish"/>
    <property name="path.separator" value=";"/>
    <property name="os.version" value="10.0"/>
    <property name="java.runtime.name" value="OpenJDK Runtime Environment"/>
    <property name="file.encoding" value="Cp1252"/>
    <property name="java.vm.name" value="OpenJDK 64-Bit Server VM"/>
    <property name="java.vendor.version" value="Temurin-17.0.7+7"/>
    <property name="localRepository" value="C:\Users\Kashish\.m2\repository"/>
    <property name="java.vendor.url.bug" value="https://github.com/adoptium/adoptium-support/issues"/>
    <property name="java.io.tmpdir" value="C:\Users\Kashish\AppData\Local\Temp\"/>
    <property name="java.version" value="17.0.7"/>
    <property name="user.dir" value="D:\Workstation\Automation\Code_Repo\Branches\nseindiaWebAutomation"/>
    <property name="os.arch" value="amd64"/>
    <property name="java.vm.specification.name" value="Java Virtual Machine Specification"/>
    <property name="sun.os.patch.level" value=""/>
    <property name="native.encoding" value="Cp1252"/>
    <property name="java.library.path" value="D:\Workstation\Application Drivers\eclipse-jee-2023-06-R-win32-x86_64\eclipse\plugins\org.eclipse.justj.openjdk.hotspot.jre.full.win32.x86_64_17.0.7.v20230425-1502\jre\bin;C:\Windows\Sun\Java\bin;C:\Windows\system32;C:\Windows;D:/Workstation/Application Drivers/eclipse-jee-2023-06-R-win32-x86_64/eclipse//plugins/org.eclipse.justj.openjdk.hotspot.jre.full.win32.x86_64_17.0.7.v20230425-1502/jre/bin/server;D:/Workstation/Application Drivers/eclipse-jee-2023-06-R-win32-x86_64/eclipse//plugins/org.eclipse.justj.openjdk.hotspot.jre.full.win32.x86_64_17.0.7.v20230425-1502/jre/bin;C:\Program Files\Microsoft\jdk-11.0.18.10-hotspot\bin;C:\Program Files\Common Files\Oracle\Java\javapath;C:\Program Files\Microsoft\jdk-11.0.18.10-hotspot\\bin;C:\Windows\system32;C:\Windows;C:\Windows\System32\Wbem;C:\Windows\System32\WindowsPowerShell\v1.0\;C:\Windows\System32\OpenSSH\;D:\Workstation\Application Drivers\apache-maven-3.9.3\bin;C:\ProgramData\chocolatey\bin;C:\Program Files\nodejs\;C:\Users\Kashish\AppData\Local\Android\Sdk\platform-tools;C:\Program Files\Git\cmd;C:\Program Files\Git\mingw64\bin;C:\Program Files\Git\usr\bin;C:\Program Files\TortoiseGit\bin;C:\Users\Kashish\AppData\Local\Microsoft\WindowsApps;C:\Users\Kashish\AppData\Roaming\npm;C:\Users\Kashish\AppData\Local\Programs\Microsoft VS Code\bin;D:\Workstation\Application Drivers\eclipse-jee-2023-06-R-win32-x86_64\eclipse;;."/>
    <property name="java.vm.info" value="mixed mode"/>
    <property name="java.vendor" value="Eclipse Adoptium"/>
    <property name="java.vm.version" value="17.0.7+7"/>
    <property name="sun.io.unicode.encoding" value="UnicodeLittle"/>
    <property name="java.class.version" value="61.0"/>
  </properties>
  <testcase name="dailyMarketReportsValidation" classname="com.firstorg.nseindia.test.TestDailyMarketReports" time="16.367">
    <failure message="Error during equitiesLabelIsDisplayed Execution, exception: &lt;br&gt;Cannot invoke &quot;org.openqa.selenium.WebElement.isDisplayed()&quot; because &quot;element&quot; is null" type="java.lang.AssertionError"><![CDATA[java.lang.AssertionError: Error during equitiesLabelIsDisplayed Execution, exception: <br>Cannot invoke "org.openqa.selenium.WebElement.isDisplayed()" because "element" is null
	at com.firstorg.nseindia.test.TestDailyMarketReports.dailyMarketReportsValidation(TestDailyMarketReports.java:73)
]]></failure>
    <system-out><![CDATA[[INFO] 2024-05-23 16:19:16.546 com.firstorg.nseindia.reports.TestListeners - *** Test Suite NSEINDIA Automation Test started ***
[INFO] 2024-05-23 16:19:17.030 com.firstorg.nseindia.utility.SetupTestDriver - Browser in Test- Chrome
[INFO] 2024-05-23 16:19:25.084 com.firstorg.nseindia.utility.Library - Navigating to URL https://www.nseindia.com/
[DEBUG] 2024-05-23 16:19:35.324 com.firstorg.nseindia.utility.WaitClass - Calling untilJqueryIsDone
[INFO] 2024-05-23 16:19:38.128 com.firstorg.nseindia.utility.Library - Opened URL
[INFO] 2024-05-23 16:19:38.129 com.firstorg.nseindia.utility.Library - Maximizing the browser window
[INFO] 2024-05-23 16:19:40.309 com.firstorg.nseindia.test.TestDailyMarketReports - Daily Market Reports Validation Test has been Started
[INFO] 2024-05-23 16:19:40.312 com.firstorg.nseindia.test.TestDailyMarketReports - Validating that system has successfully naigated to home page
[INFO] 2024-05-23 16:19:40.313 com.firstorg.nseindia.pageobjects.HomePage - Validating home page visiblity
[INFO] 2024-05-23 16:19:40.313 com.firstorg.nseindia.pageobjects.HomePage - Initialize web element
[INFO] 2024-05-23 16:19:40.314 com.firstorg.nseindia.utility.Library - User is about to identifying the webelement
[INFO] 2024-05-23 16:19:40.392 com.firstorg.nseindia.utility.WaitClass - Waiting for visibility of web elements
[INFO] 2024-05-23 16:19:40.461 com.firstorg.nseindia.utility.WaitClass - System waited explicitly for the web element
[INFO] 2024-05-23 16:19:40.462 com.firstorg.nseindia.utility.Library - User is verifying the visibility of element
[INFO] 2024-05-23 16:19:42.516 com.firstorg.nseindia.pageobjects.HomePage - System is able to verify the home page visiblity
[INFO] 2024-05-23 16:19:42.516 com.firstorg.nseindia.test.TestDailyMarketReports - System is navigating to Daily Market Reports/All Reports page
[INFO] 2024-05-23 16:19:42.517 com.firstorg.nseindia.pageobjects.HomePage - Navigating to all reports page
[INFO] 2024-05-23 16:19:42.517 com.firstorg.nseindia.pageobjects.HomePage - Initialized web elements
[INFO] 2024-05-23 16:19:42.517 com.firstorg.nseindia.utility.Library - User is about to identifying the webelement
[INFO] 2024-05-23 16:19:42.619 com.firstorg.nseindia.utility.Library - User is about to identifying the webelement
[INFO] 2024-05-23 16:19:42.677 com.firstorg.nseindia.utility.Library - User is about to identifying the webelement
[ERROR] 2024-05-23 16:19:42.781 com.firstorg.nseindia.utility.Library - no such element: Unable to locate element: {"method":"xpath","selector":"//*[text()="Get Market Data"]/following-sibling::ul//*[text()="Daily Market Reports"]"}
  (Session info: chrome=124.0.6367.210)
For documentation on this error, please visit: https://www.selenium.dev/documentation/webdriver/troubleshooting/errors#no-such-element-exception
Build info: version: '4.18.1', revision: 'b1d3319b48'
System info: os.name: 'Windows 10', os.arch: 'amd64', os.version: '10.0', java.version: '17.0.7'
Driver info: org.openqa.selenium.chrome.ChromeDriver
Command: [dae41a33b2b9a4fdf2319dea97bd9b25, findElement {using=xpath, value=//*[text()="Get Market Data"]/following-sibling::ul//*[text()="Daily Market Reports"]}]
Capabilities {acceptInsecureCerts: false, browserName: chrome, browserVersion: 124.0.6367.210, chrome: {chromedriverVersion: 124.0.6367.207 (a9001a6e39f..., userDataDir: C:\Users\Kashish\AppData\Lo...}, fedcm:accounts: true, goog:chromeOptions: {debuggerAddress: localhost:55316}, networkConnectionEnabled: false, pageLoadStrategy: normal, platformName: windows, proxy: Proxy(), se:cdp: ws://localhost:55316/devtoo..., se:cdpVersion: 124.0.6367.210, setWindowRect: true, strictFileInteractability: false, timeouts: {implicit: 0, pageLoad: 300000, script: 30000}, unhandledPromptBehavior: dismiss and notify, webauthn:extension:credBlob: true, webauthn:extension:largeBlob: true, webauthn:extension:minPinLength: true, webauthn:extension:prf: true, webauthn:virtualAuthenticators: true}
Session ID: dae41a33b2b9a4fdf2319dea97bd9b25
[INFO] 2024-05-23 16:19:42.782 com.firstorg.nseindia.utility.Library - User is verifying the visibility of element
[INFO] 2024-05-23 16:19:42.828 com.firstorg.nseindia.pageobjects.HomePage - Market Data list is displayed.
[INFO] 2024-05-23 16:19:42.829 com.firstorg.nseindia.utility.Library - User is about to click on element
[INFO] 2024-05-23 16:19:43.329 com.firstorg.nseindia.pageobjects.HomePage - System has clicked on Market Data list item.
[INFO] 2024-05-23 16:19:46.347 com.firstorg.nseindia.utility.Library - User is verifying the visibility of element
[INFO] 2024-05-23 16:19:46.432 com.firstorg.nseindia.pageobjects.HomePage - Get Daily Market heading is displayed.
[INFO] 2024-05-23 16:19:46.433 com.firstorg.nseindia.utility.Library - User is about to click on element
[INFO] 2024-05-23 16:19:50.915 com.firstorg.nseindia.pageobjects.HomePage - System has clicked on Get Daily Market heading.
[INFO] 2024-05-23 16:19:55.920 com.firstorg.nseindia.utility.Library - User is verifying the visibility of element
[ERROR] 2024-05-23 16:19:55.920 com.firstorg.nseindia.utility.Library - Cannot invoke "org.openqa.selenium.WebElement.isDisplayed()" because "element" is null
[INFO] 2024-05-23 16:19:55.923 com.firstorg.nseindia.pageobjects.HomePage - Daily Market report label is displayed.
[INFO] 2024-05-23 16:19:55.925 com.firstorg.nseindia.utility.Library - User is about to click on element
[INFO] 2024-05-23 16:19:55.926 com.firstorg.nseindia.pageobjects.HomePage - System has clicked on Daily Market report label.
[INFO] 2024-05-23 16:19:55.927 com.firstorg.nseindia.test.TestDailyMarketReports - System is verifying that Equities & SME label is displayed
[INFO] 2024-05-23 16:19:55.928 com.firstorg.nseindia.pageobjects.AllReportsPage - Validating all report page visiblity
[INFO] 2024-05-23 16:19:55.928 com.firstorg.nseindia.pageobjects.AllReportsPage - Initialized web elements
[INFO] 2024-05-23 16:19:55.928 com.firstorg.nseindia.utility.Library - User is about to identifying the webelement
[ERROR] 2024-05-23 16:19:56.040 com.firstorg.nseindia.utility.Library - no such element: Unable to locate element: {"method":"xpath","selector":"//h1[contains(text(),'All Reports')]"}
  (Session info: chrome=124.0.6367.210)
For documentation on this error, please visit: https://www.selenium.dev/documentation/webdriver/troubleshooting/errors#no-such-element-exception
Build info: version: '4.18.1', revision: 'b1d3319b48'
System info: os.name: 'Windows 10', os.arch: 'amd64', os.version: '10.0', java.version: '17.0.7'
Driver info: org.openqa.selenium.chrome.ChromeDriver
Command: [dae41a33b2b9a4fdf2319dea97bd9b25, findElement {using=xpath, value=//h1[contains(text(),'All Reports')]}]
Capabilities {acceptInsecureCerts: false, browserName: chrome, browserVersion: 124.0.6367.210, chrome: {chromedriverVersion: 124.0.6367.207 (a9001a6e39f..., userDataDir: C:\Users\Kashish\AppData\Lo...}, fedcm:accounts: true, goog:chromeOptions: {debuggerAddress: localhost:55316}, networkConnectionEnabled: false, pageLoadStrategy: normal, platformName: windows, proxy: Proxy(), se:cdp: ws://localhost:55316/devtoo..., se:cdpVersion: 124.0.6367.210, setWindowRect: true, strictFileInteractability: false, timeouts: {implicit: 0, pageLoad: 300000, script: 30000}, unhandledPromptBehavior: dismiss and notify, webauthn:extension:credBlob: true, webauthn:extension:largeBlob: true, webauthn:extension:minPinLength: true, webauthn:extension:prf: true, webauthn:virtualAuthenticators: true}
Session ID: dae41a33b2b9a4fdf2319dea97bd9b25
[INFO] 2024-05-23 16:19:56.064 com.firstorg.nseindia.utility.Library - User is about to identifying the webelement
[ERROR] 2024-05-23 16:19:56.120 com.firstorg.nseindia.utility.Library - no such element: Unable to locate element: {"method":"xpath","selector":"//*[contains(text(),'Equities & SME')]"}
  (Session info: chrome=124.0.6367.210)
For documentation on this error, please visit: https://www.selenium.dev/documentation/webdriver/troubleshooting/errors#no-such-element-exception
Build info: version: '4.18.1', revision: 'b1d3319b48'
System info: os.name: 'Windows 10', os.arch: 'amd64', os.version: '10.0', java.version: '17.0.7'
Driver info: org.openqa.selenium.chrome.ChromeDriver
Command: [dae41a33b2b9a4fdf2319dea97bd9b25, findElement {using=xpath, value=//*[contains(text(),'Equities & SME')]}]
Capabilities {acceptInsecureCerts: false, browserName: chrome, browserVersion: 124.0.6367.210, chrome: {chromedriverVersion: 124.0.6367.207 (a9001a6e39f..., userDataDir: C:\Users\Kashish\AppData\Lo...}, fedcm:accounts: true, goog:chromeOptions: {debuggerAddress: localhost:55316}, networkConnectionEnabled: false, pageLoadStrategy: normal, platformName: windows, proxy: Proxy(), se:cdp: ws://localhost:55316/devtoo..., se:cdpVersion: 124.0.6367.210, setWindowRect: true, strictFileInteractability: false, timeouts: {implicit: 0, pageLoad: 300000, script: 30000}, unhandledPromptBehavior: dismiss and notify, webauthn:extension:credBlob: true, webauthn:extension:largeBlob: true, webauthn:extension:minPinLength: true, webauthn:extension:prf: true, webauthn:virtualAuthenticators: true}
Session ID: dae41a33b2b9a4fdf2319dea97bd9b25
[INFO] 2024-05-23 16:19:56.121 com.firstorg.nseindia.utility.WaitClass - Waiting for visibility of web elements
[INFO] 2024-05-23 16:19:56.545 com.firstorg.nseindia.reports.TestListeners - ***********************
[INFO] 2024-05-23 16:19:56.545 com.firstorg.nseindia.reports.TestListeners - Screenshot stored at : D:\Workstation\Automation\Code_Repo\Branches\nseindiaWebAutomation/test-reports/Report_20240523041939/Screenshots/dailyMarketReportsValidation_Thu May 23 16_19_56 IST 2024.png
[INFO] 2024-05-23 16:19:56.547 com.firstorg.nseindia.reports.TestListeners - ***********************
]]></system-out>
    <system-err><![CDATA[May 23, 2024 4:19:24 PM org.openqa.selenium.devtools.CdpVersionFinder findNearestMatch
WARNING: Unable to find an exact match for CDP version 124, returning the closest version; found: 122; Please update to a Selenium version that supports CDP version 124
]]></system-err>
  </testcase>
</testsuite>